<?xml version="1.0" encoding="UTF-8" ?>
<testsuite failures="0" time="0.023" errors="0" skipped="0" tests="36" name="com.epam.pdrzh.suites.RunTest">
  <properties>
[...]
</properties>
  <testcase time="0.008" classname="| fesvlast | wrongPassword | Bad credentials |" name="Given Passenger has forgotten username and password"/>
  <testcase time="0" classname="| fesvlast | wrongPassword | Bad credentials |" name="When Passenger login with wrong username: fesvlast and password: wrongPassword"/>
  <testcase time="0" classname="| fesvlast | wrongPassword | Bad credentials |" name="Then Passenger should see error messages on login page: Bad credentials"/>
  <testcase time="0.001" classname="| fesvlast | wrongPassword | Bad credentials |" name="| fesvlast | wrongPassword | Bad credentials |"/>
  <testcase time="0" classname="| pass | fesvlast | Bad credentials |" name="Given Passenger has forgotten username and password"/>
  <testcase time="0" classname="| pass | fesvlast | Bad credentials |" name="When Passenger login with wrong username: pass and password: fesvlast"/>
  <testcase time="0" classname="| pass | fesvlast | Bad credentials |" name="Then Passenger should see error messages on login page: Bad credentials"/>
  <testcase time="0.001" classname="| pass | fesvlast | Bad credentials |" name="| pass | fesvlast | Bad credentials |"/>
  <testcase time="0" classname="|  | wrongPassword | Login is required |" name="Given Passenger has forgotten username and password"/>
  <testcase time="0" classname="|  | wrongPassword | Login is required |" name="When Passenger login with wrong username:  and password: wrongPassword"/>
  <testcase time="0" classname="|  | wrongPassword | Login is required |" name="Then Passenger should see error messages on login page: Login is required"/>
  <testcase time="0" classname="|  | wrongPassword | Login is required |" name="|  | wrongPassword | Login is required |"/>
  <testcase time="0" classname="| w | fesvlast | Login is too short, enter at least 3 letters |" name="Given Passenger has forgotten username and password"/>
  <testcase time="0" classname="| w | fesvlast | Login is too short, enter at least 3 letters |" name="When Passenger login with wrong username: w and password: fesvlast"/>
  <testcase time="0" classname="| w | fesvlast | Login is too short, enter at least 3 letters |" name="Then Passenger should see error messages on login page: Login is too short, enter at least 3 letters"/>
  <testcase time="0" classname="| w | fesvlast | Login is too short, enter at least 3 letters |" name="| w | fesvlast | Login is too short, enter at least 3 letters |"/>
  <testcase time="0" classname="| wrongLogin |  | Password is required |" name="Given Passenger has forgotten username and password"/>
  <testcase time="0" classname="| wrongLogin |  | Password is required |" name="When Passenger login with wrong username: wrongLogin and password: "/>
  <testcase time="0" classname="| wrongLogin |  | Password is required |" name="Then Passenger should see error messages on login page: Password is required"/>
  <testcase time="0.001" classname="| wrongLogin |  | Password is required |" name="| wrongLogin |  | Password is required |"/>
  <testcase time="0" classname="| wrongLogin | 4 | Please enter at least 3 symbols |" name="Given Passenger has forgotten username and password"/>
  <testcase time="0" classname="| wrongLogin | 4 | Please enter at least 3 symbols |" name="When Passenger login with wrong username: wrongLogin and password: 4"/>
  <testcase time="0" classname="| wrongLogin | 4 | Please enter at least 3 symbols |" name="Then Passenger should see error messages on login page: Please enter at least 3 symbols"/>
  <testcase time="0.011" classname="| wrongLogin | 4 | Please enter at least 3 symbols |" name="| wrongLogin | 4 | Please enter at least 3 symbols |"/>
  <testcase time="0" classname="Scenario: As a passenger I want be able to login to the system" name="Given Passenger wants to login"/>
  <testcase time="0" classname="Scenario: As a passenger I want be able to login to the system" name="When Passenger login to the system with username &quot;fesvlast&quot; and password &quot;fesvlast&quot;"/>
  <testcase time="0" classname="Scenario: As a passenger I want be able to login to the system" name="Then Passenger should see home page and his login &quot;fesvlast&quot;"/>
  <testcase time="0" classname="Scenario: As a passenger I want be able to login to the system" name="Scenario: As a passenger I want be able to login to the system"/>
  <testcase time="0" classname="Scenario: Passenger wants to logout from his account." name="Given passenger is on his home page"/>
  <testcase time="0" classname="Scenario: Passenger wants to logout from his account." name="When he press button logout"/>
  <testcase time="0" classname="Scenario: Passenger wants to logout from his account." name="Then passenger should see login page"/>
  <testcase time="0.001" classname="Scenario: Passenger wants to logout from his account." name="Scenario: Passenger wants to logout from his account."/>
  <testcase time="0" classname="Scenario: User wants to be on the register page." name="Given As a user I stay on the login page"/>
  <testcase time="0" classname="Scenario: User wants to be on the register page." name="When User click on the link &quot;Register a new user&quot;"/>
  <testcase time="0" classname="Scenario: User wants to be on the register page." name="Then He gets a register page"/>
  <testcase time="0" classname="Scenario: User wants to be on the register page." name="Scenario: User wants to be on the register page."/>
</testsuite>